<?xml version="1.0" encoding="UTF-8"?>
<!-- Generated by org.testng.reporters.JUnitReportReporter -->
<testsuite hostname="INHYDLABKKUMAR" name="org.abk.crm.testcases.TestCase1" tests="1" failures="0" timestamp="28 Jun 2019 02:51:01 GMT" time="11.580" errors="0">
  <testcase name="testCase1" time="11.580" classname="org.abk.crm.testcases.TestCase1"/>
</testsuite> <!-- org.abk.crm.testcases.TestCase1 -->
