<?xml version="1.0" encoding="UTF-8"?>
<!-- Generated by org.testng.reporters.JUnitReportReporter -->
<testsuite hostname="INHYDLABKKUMAR" name="org.abk.crm.testcases.TestCase1" tests="1" failures="0" timestamp="8 Jul 2019 11:00:33 GMT" time="21.510" errors="0">
  <testcase name="testCase1" time="21.510" classname="org.abk.crm.testcases.TestCase1"/>
</testsuite> <!-- org.abk.crm.testcases.TestCase1 -->
