<?xml version="1.0" encoding="UTF-8"?>
<!-- Generated by org.testng.reporters.JUnitReportReporter -->
<testsuite hostname="INHYDLABKKUMAR" name="org.abk.crm.testcases.TestCase1" tests="1" failures="0" timestamp="21 Oct 2019 15:10:04 GMT" time="15.504" errors="0">
  <testcase name="testCase1" time="15.504" classname="org.abk.crm.testcases.TestCase1"/>
</testsuite> <!-- org.abk.crm.testcases.TestCase1 -->
