<?xml version="1.0" encoding="UTF-8"?>
<!-- Generated by org.testng.reporters.JUnitReportReporter -->
<testsuite hostname="INHYDLABKKUMAR" name="org.abk.crm.testcases.TestCase1" tests="1" failures="0" timestamp="3 Jun 2019 11:49:05 GMT" time="51.236" errors="0">
  <testcase name="testCase1" time="51.236" classname="org.abk.crm.testcases.TestCase1"/>
</testsuite> <!-- org.abk.crm.testcases.TestCase1 -->
