<?xml version="1.0" encoding="UTF-8"?>
<!-- Generated by org.testng.reporters.JUnitReportReporter -->
<testsuite hostname="DESKTOP-3J3MTSB" name="org.abk.crm.testcases.TestCase1" tests="1" failures="0" timestamp="27 Nov 2019 17:04:11 GMT" time="30.803" errors="0">
  <testcase name="testCase1" time="30.803" classname="org.abk.crm.testcases.TestCase1"/>
</testsuite> <!-- org.abk.crm.testcases.TestCase1 -->
