<?xml version="1.0" encoding="UTF-8"?>
<!-- Generated by org.testng.reporters.JUnitReportReporter -->
<testsuite hostname="INHYDLABKKUMAR" name="org.abk.crm.testcases.TestCase1" tests="1" failures="0" timestamp="1 Jun 2019 12:38:10 GMT" time="17.960" errors="0">
  <testcase name="testCase1" time="17.960" classname="org.abk.crm.testcases.TestCase1"/>
</testsuite> <!-- org.abk.crm.testcases.TestCase1 -->
